<?xml version="1.0" encoding="UTF-8"?>
<testsuite xmlns:xsi="http://www.w3.org/2001/XMLSchema-instance" xsi:noNamespaceSchemaLocation="https://maven.apache.org/surefire/maven-surefire-plugin/xsd/surefire-test-report.xsd" name="com.in28minutes.springboot.learnspringboot.LearnSpringBootApplicationTests" time="2.204" tests="1" errors="0" skipped="0" failures="0">
  <properties>
    <property name="java.specification.version" value="17"/>
    <property name="sun.jnu.encoding" value="UTF-8"/>
    <property name="java.class.path" value="/home/gleisson/git/repository/learn-spring-boot/target/test-classes:/home/gleisson/git/repository/learn-spring-boot/target/classes:/home/gleisson/.m2/repository/org/springframework/boot/spring-boot-starter-web/3.0.0-M5/spring-boot-starter-web-3.0.0-M5.jar:/home/gleisson/.m2/repository/org/springframework/boot/spring-boot-starter/3.0.0-M5/spring-boot-starter-3.0.0-M5.jar:/home/gleisson/.m2/repository/org/springframework/boot/spring-boot/3.0.0-M5/spring-boot-3.0.0-M5.jar:/home/gleisson/.m2/repository/org/springframework/boot/spring-boot-autoconfigure/3.0.0-M5/spring-boot-autoconfigure-3.0.0-M5.jar:/home/gleisson/.m2/repository/org/springframework/boot/spring-boot-starter-logging/3.0.0-M5/spring-boot-starter-logging-3.0.0-M5.jar:/home/gleisson/.m2/repository/ch/qos/logback/logback-classic/1.2.11/logback-classic-1.2.11.jar:/home/gleisson/.m2/repository/ch/qos/logback/logback-core/1.2.11/logback-core-1.2.11.jar:/home/gleisson/.m2/repository/org/apache/logging/log4j/log4j-to-slf4j/2.18.0/log4j-to-slf4j-2.18.0.jar:/home/gleisson/.m2/repository/org/apache/logging/log4j/log4j-api/2.18.0/log4j-api-2.18.0.jar:/home/gleisson/.m2/repository/org/slf4j/jul-to-slf4j/1.7.36/jul-to-slf4j-1.7.36.jar:/home/gleisson/.m2/repository/jakarta/annotation/jakarta.annotation-api/2.0.0/jakarta.annotation-api-2.0.0.jar:/home/gleisson/.m2/repository/org/yaml/snakeyaml/1.32/snakeyaml-1.32.jar:/home/gleisson/.m2/repository/org/springframework/boot/spring-boot-starter-json/3.0.0-M5/spring-boot-starter-json-3.0.0-M5.jar:/home/gleisson/.m2/repository/com/fasterxml/jackson/core/jackson-databind/2.13.4/jackson-databind-2.13.4.jar:/home/gleisson/.m2/repository/com/fasterxml/jackson/core/jackson-annotations/2.13.4/jackson-annotations-2.13.4.jar:/home/gleisson/.m2/repository/com/fasterxml/jackson/core/jackson-core/2.13.4/jackson-core-2.13.4.jar:/home/gleisson/.m2/repository/com/fasterxml/jackson/datatype/jackson-datatype-jdk8/2.13.4/jackson-datatype-jdk8-2.13.4.jar:/home/gleisson/.m2/repository/com/fasterxml/jackson/datatype/jackson-datatype-jsr310/2.13.4/jackson-datatype-jsr310-2.13.4.jar:/home/gleisson/.m2/repository/com/fasterxml/jackson/module/jackson-module-parameter-names/2.13.4/jackson-module-parameter-names-2.13.4.jar:/home/gleisson/.m2/repository/org/springframework/boot/spring-boot-starter-tomcat/3.0.0-M5/spring-boot-starter-tomcat-3.0.0-M5.jar:/home/gleisson/.m2/repository/org/apache/tomcat/embed/tomcat-embed-core/10.0.23/tomcat-embed-core-10.0.23.jar:/home/gleisson/.m2/repository/org/apache/tomcat/embed/tomcat-embed-el/10.0.23/tomcat-embed-el-10.0.23.jar:/home/gleisson/.m2/repository/org/apache/tomcat/embed/tomcat-embed-websocket/10.0.23/tomcat-embed-websocket-10.0.23.jar:/home/gleisson/.m2/repository/org/springframework/spring-web/6.0.0-M6/spring-web-6.0.0-M6.jar:/home/gleisson/.m2/repository/org/springframework/spring-beans/6.0.0-M6/spring-beans-6.0.0-M6.jar:/home/gleisson/.m2/repository/org/springframework/spring-webmvc/6.0.0-M6/spring-webmvc-6.0.0-M6.jar:/home/gleisson/.m2/repository/org/springframework/spring-aop/6.0.0-M6/spring-aop-6.0.0-M6.jar:/home/gleisson/.m2/repository/org/springframework/spring-context/6.0.0-M6/spring-context-6.0.0-M6.jar:/home/gleisson/.m2/repository/org/springframework/spring-expression/6.0.0-M6/spring-expression-6.0.0-M6.jar:/home/gleisson/.m2/repository/org/springframework/boot/spring-boot-starter-test/3.0.0-M5/spring-boot-starter-test-3.0.0-M5.jar:/home/gleisson/.m2/repository/org/springframework/boot/spring-boot-test/3.0.0-M5/spring-boot-test-3.0.0-M5.jar:/home/gleisson/.m2/repository/org/springframework/boot/spring-boot-test-autoconfigure/3.0.0-M5/spring-boot-test-autoconfigure-3.0.0-M5.jar:/home/gleisson/.m2/repository/com/jayway/jsonpath/json-path/2.7.0/json-path-2.7.0.jar:/home/gleisson/.m2/repository/net/minidev/json-smart/2.4.8/json-smart-2.4.8.jar:/home/gleisson/.m2/repository/net/minidev/accessors-smart/2.4.8/accessors-smart-2.4.8.jar:/home/gleisson/.m2/repository/org/ow2/asm/asm/9.1/asm-9.1.jar:/home/gleisson/.m2/repository/org/slf4j/slf4j-api/1.7.36/slf4j-api-1.7.36.jar:/home/gleisson/.m2/repository/jakarta/xml/bind/jakarta.xml.bind-api/3.0.1/jakarta.xml.bind-api-3.0.1.jar:/home/gleisson/.m2/repository/com/sun/activation/jakarta.activation/2.0.1/jakarta.activation-2.0.1.jar:/home/gleisson/.m2/repository/org/assertj/assertj-core/3.23.1/assertj-core-3.23.1.jar:/home/gleisson/.m2/repository/net/bytebuddy/byte-buddy/1.12.17/byte-buddy-1.12.17.jar:/home/gleisson/.m2/repository/org/hamcrest/hamcrest/2.2/hamcrest-2.2.jar:/home/gleisson/.m2/repository/org/junit/jupiter/junit-jupiter/5.9.1/junit-jupiter-5.9.1.jar:/home/gleisson/.m2/repository/org/junit/jupiter/junit-jupiter-api/5.9.1/junit-jupiter-api-5.9.1.jar:/home/gleisson/.m2/repository/org/opentest4j/opentest4j/1.2.0/opentest4j-1.2.0.jar:/home/gleisson/.m2/repository/org/junit/platform/junit-platform-commons/1.9.1/junit-platform-commons-1.9.1.jar:/home/gleisson/.m2/repository/org/apiguardian/apiguardian-api/1.1.2/apiguardian-api-1.1.2.jar:/home/gleisson/.m2/repository/org/junit/jupiter/junit-jupiter-params/5.9.1/junit-jupiter-params-5.9.1.jar:/home/gleisson/.m2/repository/org/junit/jupiter/junit-jupiter-engine/5.9.1/junit-jupiter-engine-5.9.1.jar:/home/gleisson/.m2/repository/org/junit/platform/junit-platform-engine/1.9.1/junit-platform-engine-1.9.1.jar:/home/gleisson/.m2/repository/org/mockito/mockito-core/4.8.0/mockito-core-4.8.0.jar:/home/gleisson/.m2/repository/net/bytebuddy/byte-buddy-agent/1.12.17/byte-buddy-agent-1.12.17.jar:/home/gleisson/.m2/repository/org/objenesis/objenesis/3.2/objenesis-3.2.jar:/home/gleisson/.m2/repository/org/mockito/mockito-junit-jupiter/4.8.0/mockito-junit-jupiter-4.8.0.jar:/home/gleisson/.m2/repository/org/skyscreamer/jsonassert/1.5.1/jsonassert-1.5.1.jar:/home/gleisson/.m2/repository/com/vaadin/external/google/android-json/0.0.20131108.vaadin1/android-json-0.0.20131108.vaadin1.jar:/home/gleisson/.m2/repository/org/springframework/spring-core/6.0.0-M6/spring-core-6.0.0-M6.jar:/home/gleisson/.m2/repository/org/springframework/spring-jcl/6.0.0-M6/spring-jcl-6.0.0-M6.jar:/home/gleisson/.m2/repository/org/springframework/spring-test/6.0.0-M6/spring-test-6.0.0-M6.jar:/home/gleisson/.m2/repository/org/xmlunit/xmlunit-core/2.9.0/xmlunit-core-2.9.0.jar:/home/gleisson/.m2/repository/org/springframework/boot/spring-boot-starter-actuator/3.0.0-M5/spring-boot-starter-actuator-3.0.0-M5.jar:/home/gleisson/.m2/repository/org/springframework/boot/spring-boot-actuator-autoconfigure/3.0.0-M5/spring-boot-actuator-autoconfigure-3.0.0-M5.jar:/home/gleisson/.m2/repository/org/springframework/boot/spring-boot-actuator/3.0.0-M5/spring-boot-actuator-3.0.0-M5.jar:/home/gleisson/.m2/repository/io/micrometer/micrometer-observation/1.10.0-M6/micrometer-observation-1.10.0-M6.jar:/home/gleisson/.m2/repository/io/micrometer/micrometer-commons/1.10.0-M6/micrometer-commons-1.10.0-M6.jar:/home/gleisson/.m2/repository/io/micrometer/micrometer-core/1.10.0-M6/micrometer-core-1.10.0-M6.jar:/home/gleisson/.m2/repository/org/hdrhistogram/HdrHistogram/2.1.12/HdrHistogram-2.1.12.jar:/home/gleisson/.m2/repository/org/latencyutils/LatencyUtils/2.0.3/LatencyUtils-2.0.3.jar:"/>
    <property name="java.vm.vendor" value="Eclipse Adoptium"/>
    <property name="sun.arch.data.model" value="64"/>
    <property name="java.vendor.url" value="https://adoptium.net/"/>
    <property name="os.name" value="Linux"/>
    <property name="java.vm.specification.version" value="17"/>
    <property name="sun.java.launcher" value="SUN_STANDARD"/>
    <property name="user.country" value="BR"/>
    <property name="sun.boot.library.path" value="/home/gleisson/.p2/pool/plugins/org.eclipse.justj.openjdk.hotspot.jre.full.linux.x86_64_17.0.4.v20221004-1257/jre/lib"/>
    <property name="sun.java.command" value="/home/gleisson/git/repository/learn-spring-boot/target/surefire/surefirebooter12862373008555699555.jar /home/gleisson/git/repository/learn-spring-boot/target/surefire 2023-03-17T12-41-51_487-jvmRun1 surefire15750290001845078256tmp surefire_013146589863975640551tmp"/>
    <property name="jdk.debug" value="release"/>
    <property name="surefire.test.class.path" value="/home/gleisson/git/repository/learn-spring-boot/target/test-classes:/home/gleisson/git/repository/learn-spring-boot/target/classes:/home/gleisson/.m2/repository/org/springframework/boot/spring-boot-starter-web/3.0.0-M5/spring-boot-starter-web-3.0.0-M5.jar:/home/gleisson/.m2/repository/org/springframework/boot/spring-boot-starter/3.0.0-M5/spring-boot-starter-3.0.0-M5.jar:/home/gleisson/.m2/repository/org/springframework/boot/spring-boot/3.0.0-M5/spring-boot-3.0.0-M5.jar:/home/gleisson/.m2/repository/org/springframework/boot/spring-boot-autoconfigure/3.0.0-M5/spring-boot-autoconfigure-3.0.0-M5.jar:/home/gleisson/.m2/repository/org/springframework/boot/spring-boot-starter-logging/3.0.0-M5/spring-boot-starter-logging-3.0.0-M5.jar:/home/gleisson/.m2/repository/ch/qos/logback/logback-classic/1.2.11/logback-classic-1.2.11.jar:/home/gleisson/.m2/repository/ch/qos/logback/logback-core/1.2.11/logback-core-1.2.11.jar:/home/gleisson/.m2/repository/org/apache/logging/log4j/log4j-to-slf4j/2.18.0/log4j-to-slf4j-2.18.0.jar:/home/gleisson/.m2/repository/org/apache/logging/log4j/log4j-api/2.18.0/log4j-api-2.18.0.jar:/home/gleisson/.m2/repository/org/slf4j/jul-to-slf4j/1.7.36/jul-to-slf4j-1.7.36.jar:/home/gleisson/.m2/repository/jakarta/annotation/jakarta.annotation-api/2.0.0/jakarta.annotation-api-2.0.0.jar:/home/gleisson/.m2/repository/org/yaml/snakeyaml/1.32/snakeyaml-1.32.jar:/home/gleisson/.m2/repository/org/springframework/boot/spring-boot-starter-json/3.0.0-M5/spring-boot-starter-json-3.0.0-M5.jar:/home/gleisson/.m2/repository/com/fasterxml/jackson/core/jackson-databind/2.13.4/jackson-databind-2.13.4.jar:/home/gleisson/.m2/repository/com/fasterxml/jackson/core/jackson-annotations/2.13.4/jackson-annotations-2.13.4.jar:/home/gleisson/.m2/repository/com/fasterxml/jackson/core/jackson-core/2.13.4/jackson-core-2.13.4.jar:/home/gleisson/.m2/repository/com/fasterxml/jackson/datatype/jackson-datatype-jdk8/2.13.4/jackson-datatype-jdk8-2.13.4.jar:/home/gleisson/.m2/repository/com/fasterxml/jackson/datatype/jackson-datatype-jsr310/2.13.4/jackson-datatype-jsr310-2.13.4.jar:/home/gleisson/.m2/repository/com/fasterxml/jackson/module/jackson-module-parameter-names/2.13.4/jackson-module-parameter-names-2.13.4.jar:/home/gleisson/.m2/repository/org/springframework/boot/spring-boot-starter-tomcat/3.0.0-M5/spring-boot-starter-tomcat-3.0.0-M5.jar:/home/gleisson/.m2/repository/org/apache/tomcat/embed/tomcat-embed-core/10.0.23/tomcat-embed-core-10.0.23.jar:/home/gleisson/.m2/repository/org/apache/tomcat/embed/tomcat-embed-el/10.0.23/tomcat-embed-el-10.0.23.jar:/home/gleisson/.m2/repository/org/apache/tomcat/embed/tomcat-embed-websocket/10.0.23/tomcat-embed-websocket-10.0.23.jar:/home/gleisson/.m2/repository/org/springframework/spring-web/6.0.0-M6/spring-web-6.0.0-M6.jar:/home/gleisson/.m2/repository/org/springframework/spring-beans/6.0.0-M6/spring-beans-6.0.0-M6.jar:/home/gleisson/.m2/repository/org/springframework/spring-webmvc/6.0.0-M6/spring-webmvc-6.0.0-M6.jar:/home/gleisson/.m2/repository/org/springframework/spring-aop/6.0.0-M6/spring-aop-6.0.0-M6.jar:/home/gleisson/.m2/repository/org/springframework/spring-context/6.0.0-M6/spring-context-6.0.0-M6.jar:/home/gleisson/.m2/repository/org/springframework/spring-expression/6.0.0-M6/spring-expression-6.0.0-M6.jar:/home/gleisson/.m2/repository/org/springframework/boot/spring-boot-starter-test/3.0.0-M5/spring-boot-starter-test-3.0.0-M5.jar:/home/gleisson/.m2/repository/org/springframework/boot/spring-boot-test/3.0.0-M5/spring-boot-test-3.0.0-M5.jar:/home/gleisson/.m2/repository/org/springframework/boot/spring-boot-test-autoconfigure/3.0.0-M5/spring-boot-test-autoconfigure-3.0.0-M5.jar:/home/gleisson/.m2/repository/com/jayway/jsonpath/json-path/2.7.0/json-path-2.7.0.jar:/home/gleisson/.m2/repository/net/minidev/json-smart/2.4.8/json-smart-2.4.8.jar:/home/gleisson/.m2/repository/net/minidev/accessors-smart/2.4.8/accessors-smart-2.4.8.jar:/home/gleisson/.m2/repository/org/ow2/asm/asm/9.1/asm-9.1.jar:/home/gleisson/.m2/repository/org/slf4j/slf4j-api/1.7.36/slf4j-api-1.7.36.jar:/home/gleisson/.m2/repository/jakarta/xml/bind/jakarta.xml.bind-api/3.0.1/jakarta.xml.bind-api-3.0.1.jar:/home/gleisson/.m2/repository/com/sun/activation/jakarta.activation/2.0.1/jakarta.activation-2.0.1.jar:/home/gleisson/.m2/repository/org/assertj/assertj-core/3.23.1/assertj-core-3.23.1.jar:/home/gleisson/.m2/repository/net/bytebuddy/byte-buddy/1.12.17/byte-buddy-1.12.17.jar:/home/gleisson/.m2/repository/org/hamcrest/hamcrest/2.2/hamcrest-2.2.jar:/home/gleisson/.m2/repository/org/junit/jupiter/junit-jupiter/5.9.1/junit-jupiter-5.9.1.jar:/home/gleisson/.m2/repository/org/junit/jupiter/junit-jupiter-api/5.9.1/junit-jupiter-api-5.9.1.jar:/home/gleisson/.m2/repository/org/opentest4j/opentest4j/1.2.0/opentest4j-1.2.0.jar:/home/gleisson/.m2/repository/org/junit/platform/junit-platform-commons/1.9.1/junit-platform-commons-1.9.1.jar:/home/gleisson/.m2/repository/org/apiguardian/apiguardian-api/1.1.2/apiguardian-api-1.1.2.jar:/home/gleisson/.m2/repository/org/junit/jupiter/junit-jupiter-params/5.9.1/junit-jupiter-params-5.9.1.jar:/home/gleisson/.m2/repository/org/junit/jupiter/junit-jupiter-engine/5.9.1/junit-jupiter-engine-5.9.1.jar:/home/gleisson/.m2/repository/org/junit/platform/junit-platform-engine/1.9.1/junit-platform-engine-1.9.1.jar:/home/gleisson/.m2/repository/org/mockito/mockito-core/4.8.0/mockito-core-4.8.0.jar:/home/gleisson/.m2/repository/net/bytebuddy/byte-buddy-agent/1.12.17/byte-buddy-agent-1.12.17.jar:/home/gleisson/.m2/repository/org/objenesis/objenesis/3.2/objenesis-3.2.jar:/home/gleisson/.m2/repository/org/mockito/mockito-junit-jupiter/4.8.0/mockito-junit-jupiter-4.8.0.jar:/home/gleisson/.m2/repository/org/skyscreamer/jsonassert/1.5.1/jsonassert-1.5.1.jar:/home/gleisson/.m2/repository/com/vaadin/external/google/android-json/0.0.20131108.vaadin1/android-json-0.0.20131108.vaadin1.jar:/home/gleisson/.m2/repository/org/springframework/spring-core/6.0.0-M6/spring-core-6.0.0-M6.jar:/home/gleisson/.m2/repository/org/springframework/spring-jcl/6.0.0-M6/spring-jcl-6.0.0-M6.jar:/home/gleisson/.m2/repository/org/springframework/spring-test/6.0.0-M6/spring-test-6.0.0-M6.jar:/home/gleisson/.m2/repository/org/xmlunit/xmlunit-core/2.9.0/xmlunit-core-2.9.0.jar:/home/gleisson/.m2/repository/org/springframework/boot/spring-boot-starter-actuator/3.0.0-M5/spring-boot-starter-actuator-3.0.0-M5.jar:/home/gleisson/.m2/repository/org/springframework/boot/spring-boot-actuator-autoconfigure/3.0.0-M5/spring-boot-actuator-autoconfigure-3.0.0-M5.jar:/home/gleisson/.m2/repository/org/springframework/boot/spring-boot-actuator/3.0.0-M5/spring-boot-actuator-3.0.0-M5.jar:/home/gleisson/.m2/repository/io/micrometer/micrometer-observation/1.10.0-M6/micrometer-observation-1.10.0-M6.jar:/home/gleisson/.m2/repository/io/micrometer/micrometer-commons/1.10.0-M6/micrometer-commons-1.10.0-M6.jar:/home/gleisson/.m2/repository/io/micrometer/micrometer-core/1.10.0-M6/micrometer-core-1.10.0-M6.jar:/home/gleisson/.m2/repository/org/hdrhistogram/HdrHistogram/2.1.12/HdrHistogram-2.1.12.jar:/home/gleisson/.m2/repository/org/latencyutils/LatencyUtils/2.0.3/LatencyUtils-2.0.3.jar:"/>
    <property name="sun.cpu.endian" value="little"/>
    <property name="user.home" value="/home/gleisson"/>
    <property name="user.language" value="pt"/>
    <property name="java.specification.vendor" value="Oracle Corporation"/>
    <property name="java.version.date" value="2022-08-12"/>
    <property name="java.home" value="/home/gleisson/.p2/pool/plugins/org.eclipse.justj.openjdk.hotspot.jre.full.linux.x86_64_17.0.4.v20221004-1257/jre"/>
    <property name="file.separator" value="/"/>
    <property name="style.color" value="always"/>
    <property name="basedir" value="/home/gleisson/git/repository/learn-spring-boot"/>
    <property name="java.vm.compressedOopsMode" value="Zero based"/>
    <property name="line.separator" value="&#10;"/>
    <property name="java.vm.specification.vendor" value="Oracle Corporation"/>
    <property name="java.specification.name" value="Java Platform API Specification"/>
    <property name="surefire.real.class.path" value="/home/gleisson/git/repository/learn-spring-boot/target/surefire/surefirebooter12862373008555699555.jar"/>
    <property name="sun.management.compiler" value="HotSpot 64-Bit Tiered Compilers"/>
    <property name="java.runtime.version" value="17.0.4.1+1"/>
    <property name="user.name" value="gleisson"/>
    <property name="path.separator" value=":"/>
    <property name="os.version" value="5.15.0-67-generic"/>
    <property name="java.runtime.name" value="OpenJDK Runtime Environment"/>
    <property name="file.encoding" value="UTF-8"/>
    <property name="java.vm.name" value="OpenJDK 64-Bit Server VM"/>
    <property name="java.vendor.version" value="Temurin-17.0.4.1+1"/>
    <property name="localRepository" value="/home/gleisson/.m2/repository"/>
    <property name="java.vendor.url.bug" value="https://github.com/adoptium/adoptium-support/issues"/>
    <property name="java.io.tmpdir" value="/tmp"/>
    <property name="java.version" value="17.0.4.1"/>
    <property name="user.dir" value="/home/gleisson/git/repository/learn-spring-boot"/>
    <property name="os.arch" value="amd64"/>
    <property name="java.vm.specification.name" value="Java Virtual Machine Specification"/>
    <property name="native.encoding" value="UTF-8"/>
    <property name="java.library.path" value="/usr/java/packages/lib:/usr/lib64:/lib64:/lib:/usr/lib"/>
    <property name="java.vm.info" value="mixed mode"/>
    <property name="java.vendor" value="Eclipse Adoptium"/>
    <property name="java.vm.version" value="17.0.4.1+1"/>
    <property name="sun.io.unicode.encoding" value="UnicodeLittle"/>
    <property name="java.class.version" value="61.0"/>
  </properties>
  <testcase name="contextLoads" classname="com.in28minutes.springboot.learnspringboot.LearnSpringBootApplicationTests" time="0.297"/>
</testsuite>